#
# There is insufficient memory for the Java Runtime Environment to continue.
# Native memory allocation (mmap) failed to map 117440512 bytes for Failed to commit area from 0x0000000091000000 to 0x0000000098000000 of length 117440512.
# Possible reasons:
#   The system is out of physical RAM or swap space
#   The process is running with CompressedOops enabled, and the Java Heap may be blocking the growth of the native heap
# Possible solutions:
#   Reduce memory load on the system
#   Increase physical memory or swap space
#   Check if swap backing store is full
#   Decrease Java heap size (-Xmx/-Xms)
#   Decrease number of Java threads
#   Decrease Java thread stack sizes (-Xss)
#   Set larger code cache with -XX:ReservedCodeCacheSize=
# This output file may be truncated or incomplete.
#
#  Out of Memory Error (./src/hotspot/os/windows/os_windows.cpp:3521), pid=7004, tid=15008
#
# JRE version:  (11.0.12+7) (build )
# Java VM: OpenJDK 64-Bit Server VM (11.0.12+7-b1504.28, mixed mode, sharing, tiered, compressed oops, g1 gc, windows-amd64)
# No core dump will be written. Minidumps are not enabled by default on client versions of Windows
#

---------------  S U M M A R Y ------------

Command Line: com.intellij.util.ReadEnv C:\Users\ivlad\AppData\Local\Temp\intellij-cmd-env.4292717245243107415.tmp

Host: AMD Ryzen 5 3500U with Radeon Vega Mobile Gfx  , 8 cores, 6G,  Windows 10 , 64 bit Build 19041 (10.0.19041.1566)
Time: Mon Apr  4 04:02:02 2022 RTZ 2 (зима) elapsed time: 0.044379 seconds (0d 0h 0m 0s)

---------------  T H R E A D  ---------------

Current thread (0x0000015d2c99b000):  JavaThread "Unknown thread" [_thread_in_vm, id=15008, stack(0x0000003e60800000,0x0000003e60900000)]

Stack: [0x0000003e60800000,0x0000003e60900000]
Native frames: (J=compiled Java code, j=interpreted, Vv=VM code, C=native code)
V  [jvm.dll+0x5ff40a]
V  [jvm.dll+0x783b65]
V  [jvm.dll+0x78517d]
V  [jvm.dll+0x785833]
V  [jvm.dll+0x249408]
V  [jvm.dll+0x5fc7f4]
V  [jvm.dll+0x5f13c5]
V  [jvm.dll+0x3076bb]
V  [jvm.dll+0x30762a]
V  [jvm.dll+0x307502]
V  [jvm.dll+0x30c466]
V  [jvm.dll+0x355543]
V  [jvm.dll+0x355c46]
V  [jvm.dll+0x355643]
V  [jvm.dll+0x2e2018]
V  [jvm.dll+0x2e31c7]
V  [jvm.dll+0x761f57]
V  [jvm.dll+0x76374c]
V  [jvm.dll+0x362ab9]
V  [jvm.dll+0x7455be]
V  [jvm.dll+0x3cb673]
V  [jvm.dll+0x3cda21]
C  [jli.dll+0x536b]
C  [ucrtbase.dll+0x21bb2]
C  [KERNEL32.DLL+0x17034]
C  [ntdll.dll+0x52651]


---------------  P R O C E S S  ---------------

Threads class SMR info:
_java_thread_list=0x0000015d2b03b6b0, length=0, elements={
}

Java Threads: ( => current thread )

Other Threads:
  0x0000015d2c9b1800 GCTaskThread "GC Thread#0" [stack: 0x0000003e60900000,0x0000003e60a00000] [id=6304]
  0x0000015d2c9de000 ConcurrentGCThread "G1 Main Marker" [stack: 0x0000003e60a00000,0x0000003e60b00000] [id=20076]
  0x0000015d2c9e0000 ConcurrentGCThread "G1 Conc#0" [stack: 0x0000003e60b00000,0x0000003e60c00000] [id=3984]

[error occurred during error reporting (printing all threads), id 0xc0000005, EXCEPTION_ACCESS_VIOLATION (0xc0000005) at pc=0x00007ffaebaf27a7]

VM state:not at safepoint (not fully initialized)

VM Mutex/Monitor currently owned by a thread:  ([mutex/lock_event])
[0x0000015d2c997070] Heap_lock - owner thread: 0x0000015d2c99b000

Heap address: 0x0000000091000000, size: 1776 MB, Compressed Oops mode: Non-zero based: 0x0000000091000000
Narrow klass base: 0x0000000000000000, Narrow klass shift: 0

GC Heap History (0 events):
No events

Deoptimization events (0 events):
No events

Classes redefined (0 events):
No events

Internal exceptions (0 events):
No events

Events (1 events):
Event: 0.026 Loaded shared library D:\JetBrains\PyCharm Community Edition 2021.2.2\jbr\bin\zip.dll


Dynamic libraries:
0x00007ff64d900000 - 0x00007ff64d90a000 	D:\JetBrains\PyCharm Community Edition 2021.2.2\jbr\bin\java.exe
0x00007ffb36eb0000 - 0x00007ffb370a5000 	C:\WINDOWS\SYSTEM32\ntdll.dll
0x00007ffb367e0000 - 0x00007ffb3689e000 	C:\WINDOWS\System32\KERNEL32.DLL
0x00007ffb347c0000 - 0x00007ffb34a88000 	C:\WINDOWS\System32\KERNELBASE.dll
0x00007ffb34b70000 - 0x00007ffb34c70000 	C:\WINDOWS\System32\ucrtbase.dll
0x00007ffb1f8d0000 - 0x00007ffb1f8e7000 	D:\JetBrains\PyCharm Community Edition 2021.2.2\jbr\bin\VCRUNTIME140.dll
0x00007ffb1f0e0000 - 0x00007ffb1f0f9000 	D:\JetBrains\PyCharm Community Edition 2021.2.2\jbr\bin\jli.dll
0x00007ffb35d60000 - 0x00007ffb35f00000 	C:\WINDOWS\System32\USER32.dll
0x00007ffb298e0000 - 0x00007ffb29b7a000 	C:\WINDOWS\WinSxS\amd64_microsoft.windows.common-controls_6595b64144ccf1df_6.0.19041.1110_none_60b5254171f9507e\COMCTL32.dll
0x00007ffb358e0000 - 0x00007ffb3597e000 	C:\WINDOWS\System32\msvcrt.dll
0x00007ffb345a0000 - 0x00007ffb345c2000 	C:\WINDOWS\System32\win32u.dll
0x00007ffb35ae0000 - 0x00007ffb35b0b000 	C:\WINDOWS\System32\GDI32.dll
0x00007ffb34dd0000 - 0x00007ffb34edb000 	C:\WINDOWS\System32\gdi32full.dll
0x00007ffb34cc0000 - 0x00007ffb34d5d000 	C:\WINDOWS\System32\msvcp_win.dll
0x00007ffb35ab0000 - 0x00007ffb35ae0000 	C:\WINDOWS\System32\IMM32.DLL
0x00007ffaeb760000 - 0x00007ffaeb7fd000 	D:\JetBrains\PyCharm Community Edition 2021.2.2\jbr\bin\msvcp140.dll
0x00007ffaeb800000 - 0x00007ffaec358000 	D:\JetBrains\PyCharm Community Edition 2021.2.2\jbr\bin\server\jvm.dll
0x00007ffb368a0000 - 0x00007ffb3694e000 	C:\WINDOWS\System32\ADVAPI32.dll
0x00007ffb35b10000 - 0x00007ffb35bac000 	C:\WINDOWS\System32\sechost.dll
0x00007ffb35470000 - 0x00007ffb35595000 	C:\WINDOWS\System32\RPCRT4.dll
0x00007ffb35bb0000 - 0x00007ffb35bb8000 	C:\WINDOWS\System32\PSAPI.DLL
0x00007ffb0e610000 - 0x00007ffb0e619000 	C:\WINDOWS\SYSTEM32\WSOCK32.dll
0x00007ffb31430000 - 0x00007ffb31457000 	C:\WINDOWS\SYSTEM32\WINMM.dll
0x00007ffb35400000 - 0x00007ffb3546b000 	C:\WINDOWS\System32\WS2_32.dll
0x00007ffb29c70000 - 0x00007ffb29c7a000 	C:\WINDOWS\SYSTEM32\VERSION.dll
0x00007ffb32690000 - 0x00007ffb326a2000 	C:\WINDOWS\SYSTEM32\kernel.appcore.dll
0x00007ffb2f080000 - 0x00007ffb2f091000 	D:\JetBrains\PyCharm Community Edition 2021.2.2\jbr\bin\verify.dll
0x00007ffb31ef0000 - 0x00007ffb320d4000 	C:\WINDOWS\SYSTEM32\DBGHELP.DLL
0x00007ffb24750000 - 0x00007ffb2477c000 	C:\WINDOWS\SYSTEM32\dbgcore.DLL
0x00007ffb345d0000 - 0x00007ffb34652000 	C:\WINDOWS\System32\bcryptPrimitives.dll
0x00007ffb2d200000 - 0x00007ffb2d229000 	D:\JetBrains\PyCharm Community Edition 2021.2.2\jbr\bin\java.dll
0x00007ffb2d1f0000 - 0x00007ffb2d1fb000 	D:\JetBrains\PyCharm Community Edition 2021.2.2\jbr\bin\jimage.dll
0x00007ffb2d1d0000 - 0x00007ffb2d1e8000 	D:\JetBrains\PyCharm Community Edition 2021.2.2\jbr\bin\zip.dll

dbghelp: loaded successfully - version: 4.0.5 - missing functions: none
symbol engine: initialized successfully - sym options: 0x614 - pdb path: .;D:\JetBrains\PyCharm Community Edition 2021.2.2\jbr\bin;C:\WINDOWS\SYSTEM32;C:\WINDOWS\WinSxS\amd64_microsoft.windows.common-controls_6595b64144ccf1df_6.0.19041.1110_none_60b5254171f9507e;D:\JetBrains\PyCharm Community Edition 2021.2.2\jbr\bin\server

VM Arguments:
java_command: com.intellij.util.ReadEnv C:\Users\ivlad\AppData\Local\Temp\intellij-cmd-env.4292717245243107415.tmp
java_class_path (initial): D:\JetBrains\PyCharm Community Edition 2021.2.2\lib\util.jar
Launcher Type: SUN_STANDARD

[Global flags]
     intx CICompilerCount                          = 4                                         {product} {ergonomic}
     uint ConcGCThreads                            = 2                                         {product} {ergonomic}
     uint G1ConcRefinementThreads                  = 8                                         {product} {ergonomic}
   size_t G1HeapRegionSize                         = 1048576                                   {product} {ergonomic}
    uintx GCDrainStackTargetSize                   = 64                                        {product} {ergonomic}
   size_t InitialHeapSize                          = 117440512                                 {product} {ergonomic}
   size_t MarkStackSize                            = 4194304                                   {product} {ergonomic}
   size_t MaxHeapSize                              = 1862270976                                {product} {ergonomic}
   size_t MinHeapDeltaBytes                        = 1048576                                   {product} {ergonomic}
    uintx NonNMethodCodeHeapSize                   = 5836300                                {pd product} {ergonomic}
    uintx NonProfiledCodeHeapSize                  = 122910970                              {pd product} {ergonomic}
    uintx ProfiledCodeHeapSize                     = 122910970                              {pd product} {ergonomic}
    uintx ReservedCodeCacheSize                    = 251658240                              {pd product} {ergonomic}
     bool SegmentedCodeCache                       = true                                      {product} {ergonomic}
     bool UseCompressedClassPointers               = true                                 {lp64_product} {ergonomic}
     bool UseCompressedOops                        = true                                 {lp64_product} {ergonomic}
     bool UseG1GC                                  = true                                      {product} {ergonomic}
     bool UseLargePagesIndividualAllocation        = false                                  {pd product} {ergonomic}

Logging:
Log output configuration:
 #0: stdout all=warning uptime,level,tags
 #1: stderr all=off uptime,level,tags

Environment Variables:
PATH=D:\Desktop\GitHub\StudentApi\Backend\env\Scripts;C:\Program Files (x86)\Common Files\Oracle\Java\javapath;C:\WINDOWS\system32;C:\WINDOWS;C:\WINDOWS\System32\Wbem;C:\WINDOWS\System32\WindowsPowerShell\v1.0\;C:\WINDOWS\System32\OpenSSH\;C:\Program Files\dotnet\;C:\Program Files\Microsoft SQL Server\130\Tools\Binn\;C:\Program Files\Microsoft SQL Server\Client SDK\ODBC\170\Tools\Binn\;D:\JetBrains\Toolbox\apps\AndroidStudio\sdk\platform-tools;D:\JetBrains\Toolbox\apps\AndroidStudio\sdk\tools;C:\Program Files\Git\cmd;C:\Program Files\Git\mingw64\bin;C:\Program Files\Git\usr\bin;C:\Program Files (x86)\dotnet\;C:\Users\ivlad\AppData\Local\Programs\Python\Python38\Scripts\;C:\Users\ivlad\AppData\Local\Programs\Python\Python38\;C:\Users\ivlad\AppData\Local\Microsoft\WindowsApps;D:\JetBrains\PyCharm Community Edition 2021.2.2\bin;;C:\Users\ivlad\AppData\Local\GitHubDesktop\bin;C:\Users\ivlad\.dotnet\tools;;D:\JetBrains\IntelliJ IDEA Community Edition 2021.2.2\bin;;D:\Microsoft VS Code\bin
USERNAME=carline
OS=Windows_NT
PROCESSOR_IDENTIFIER=AMD64 Family 23 Model 24 Stepping 1, AuthenticAMD



---------------  S Y S T E M  ---------------

OS: Windows 10 , 64 bit Build 19041 (10.0.19041.1566)
OS uptime: 1 days 2:21 hours

CPU:total 8 (initial active 8) (8 cores per cpu, 2 threads per core) family 23 model 24 stepping 1 microcode 0x0, cmov, cx8, fxsr, mmx, sse, sse2, sse3, ssse3, sse4.1, sse4.2, popcnt, avx, avx2, aes, clmul, mmxext, 3dnowpref, lzcnt, sse4a, ht, tsc, tscinvbit, tscinv, bmi1, bmi2, adx, sha, fma

Memory: 4k page, system-wide physical 7103M (301M free)
TotalPageFile size 19903M (AvailPageFile size 99M)
current process WorkingSet (physical memory assigned to process): 9M, peak: 9M
current process commit charge ("private bytes"): 59M, peak: 171M

vm_info: OpenJDK 64-Bit Server VM (11.0.12+7-b1504.28) for windows-amd64 JRE (11.0.12+7-b1504.28), built on Sep  3 2021 08:39:15 by "" with MS VC++ 14.0 (VS2015)

END.
